 hemingway
     

 charlie shribner

 max perkins

      fished    skiff        gone -      .           .         ’s                salao,       ,     gone   orders            .                 skiff             coiled lines   gaff  harpoon      furled   .    patched   sacks , furled,  looked      .
         wrinkles      .   blotches   benevolent  cancer         tropic     cheeks.  blotches     sides         -creased scars       cords.     scars  .      erosions   fishless .
       eyes               undefeated.
“,” santiago        climbed      skiff  . “     . ’ ve  .”
             .
“,”    . “’ re   .   .”
“     -          ones    .”weeks
“ ,”    . “          .” 
“   papa  .         .”
“ ,”    . “   .”
“ ’hasn t .”
“,”    . “  . ’ t?”
“,”   . “           ’ ll   .”
“ ?”    . “ .”fishermen
         fishermen           . others,   older fishermen, looked     .                   drifted  lines            .   fishermen         butchered  marlin   carried       planks,    staggering      ,            t        havana.     sharks  taken     factory           hoisted     ,  livers ,  fins     hides skinned       strips  salting.
                factory;                    north             .
“,” santiago  .
“,”    .           years.ago
“       sardines   ?”
“.    .        rogelio   .”
“    .       .        .”
“    ,”    . “    .”
“           ?”
“                     . pieces  ?”
“      slapping  banging   thwart breaking     . clubbing     throwing        coiled lines             clubbing   chopping          .”
“              ?”
“        .”
   looked     -burned,   eyes.
“     ’ d    ,” gamble . “    ’ s  ’ s      .”
“    ? sardines        baits.”
“     .        .”
“     .”ones
“,” one   .        . gone     freshening     .rises
“,”   .
“,”    . “ ’didn t ?”
“ ,”   . “   .”
“ ,”    .           attained. humility      attained           carried    .
“          ,”  .
“   ?”   .
“        . shifts        .”
“’ ll       ,”   . “     something       .”
“        .”
“,”   . “     something                 .”dolphin
“   eyes ?”
“   .”
“  ,”    . “   -. ing    kills .”eyes
“   - ing  years       eyes .”
“     ”
“          ?”
“  .     .”tricks
“     ,”   . “           .”sardines
       .    carried         carried      coiled,  -braided  lines,  gaff   harpoon   .     baits       skiff         subdue        .  one                  lines         ,            ,       gaff   harpoon  needless temptations     .
         ’s shack       .    leaned     wrapped                .         one    shack.  shack      budshields        guano       ,  , one ,           charcoal.    walls   flattened, overlapping leaves   sturdy fibered guano            jesus      virgin  cobre.   relics   .       tinted           taken                         .
“     ?”   .
“      .    ?”
“.     .        ?”
“.      .    may   .”
“     ?”
“ .”
             .      fiction  .               .
“-    ,”    . “         one       ?”
“’ ll       . sardines        ?” 
“.   ’ s      .”
      ’s    fiction .           .
“ perico      ,” bodega . “’ ll      . sardines’ ll              .           .”
“  yankees  .”
“      .”cleveland
“     yankees .     .”dimaggio
“     tigers  detroit    .”cleveland
“         reds  cincinnati    sax .”chicago
“         .”
“            lottery  -?    - .”
“   ,”   . “    -    ?”
“    .        -?”
“   .one
“ one. ’ s    .        ?”
“’ s.           .”
“     .      .     .     .”
“   ,”   . “    .”
“      ,”    . “      .”
“     ,” sardines  .
                 .                        ’s shoulders.    shoulders,      ,           creases                .     patched            patches         .   ’s         eyes        .                    .   .
                .
“   ,”          one   ’ s.
     eyes             .   smiled.
“   ?”  .
“,”   . “’ re   .”
“’ m  .”
“   .  ’ t   .”
“ ,”             .    started   .
“    ,”   . “’ ll      ’ m.”
“         ,”    . “   ?” 
“   ,  ,   .” 
       -decker  container   .     knives  forks           wrapped   .
“    ?”
“. martin .”
“   .”
“  thanked ,”   . “ ’don t    .”
“’ ll        ,”    . “        ?” 
“  .”
“     something     .      .”
“   .”beers
“      cans.”
“ .     ,  hatuey,      .”
“’ s   ,”    . “  ?”
“’ ve   ,”     . “    wished    container   .”
“’ m ,”    . “   needed  .”
   ?   .       streets   .       ,   ,      .     ?                      .
“    ,”    .
“    ,”    .
“   american     yankees  ,”     .”
“  ,”    .
“  .    dimaggio  .”
“      .”
“.     .    ,   brooklyn     . brooklyn       sisler    drives   .”
“     .   hits  longest    .”
“          ?”
“              .            .”
“ .     .     gone .          .”lives
“        dimaggio,”     . “      .  o          .”
“  ’sisler s     ,  ,       leagues    .”
“              rigged     africa     lions   beaches  .”
“ .   .”
“     africa  ?”
“  ,”   . “      john. j.” mcgraw   jota .j
“            older.      -      . drinking     horses   .     carried lists  horses           names  horses  .”
“    ,”   . “      .” 
“       ,”    . “  durocher               .”
“     , ,    luque  mike?”gonzalez
“    .”
“     .”
“.    others.”
“ que,” va  . “     fishermen   . ones    .”
“ .    .               .”
“             .”
“  may      ,”    . “     tricks   .”
“               .         .”
“  .       .”
“’ re  ,”   .
“    ,”    . “      ?      one ?”
“ ’don t,”   . “       boys   .” 
“   ,”    . “’ ll waken  .”
“        waken.       .”
“ .”
“   .”
   .   eat                     .  rolled       , putting    .  rolled             covered  springs   .
         dreamed  africa          beaches    beaches,      eyes,    capes     mountains.                surf          .  smelled    oakum         smelled    africa        .
   smelled               .                           dreaming     peaks   islands        dreamed    harbours  roadsteads   canary islands.
   dreamed  storms,    ,     occurrences,     ,   fights,   contests  ,     .   dreamed  places     lions   .                 .   dreamed   .   , looked         unrolled      .  urinated   shack          .   shivering    .               .
          unlocked            .       cot                      .     one           turned  looked  .    nodded             ,    , pulled  .
            .             shoulders  , “  .”
“ qua,” va  . “      .”
        ’s shack     ,   , barefoot   ,   masts   .
  reached   ’s shack     rolls        harpoon  gaff     carried     furled    .
“   ?”   .
“’ ll         .”
    condensed  cans       served fishermen.
“     ?”   .    waking              .
“ , ,” manolin   . “   .”
“  ,”   . “      sardines     . baits    .       .”anything
“’ re,”    . “          years.”
“  ,”   . “’ ll  .    .    .”
  , -footed    rocks,       baits  .
      .                .         bored     carried   .            skiff      needed   .
       sardines    baits wrapped            skiff,   pebbled    ,  lifted  skiff      .
“   .”
“ ,”    .   fitted   lashings      thole ,  leaning         ,           .         beaches                             .
 someone     .              .                 one headed            .                    rowed          .    phosphorescence          rowed         fishermen               fathoms   sorts   congregated     swirl       walls      .    concentrations        schools  squid   deepest                  .
              rowed    trembling          hissing         soared    .                .      birds,     d  terns          ,   ,  birds            birds     ones.     birds   d      swallows       ?      .         comes     birds  , dipping  ,     voices    delicately   .
        mar        spanish    .                     .     fishermen,    buoys  floats   lines   motorboats,     livers    ,      mar   masculine.       contestant       .             something    withheld  favours,                 .   affects      ,  .
                                 swirls   .               started                   .
    wells      ,  .  ’ll     schools  bonito  albacore   o       one  .
          baits    drifting   . one     fathoms.     -             one   one   - fathoms.        shank       ,   sewed     projecting    ,     ,  covered   sardines.  sardine  hooked   eyes      -garland   projecting .                  smelling   tasting.
        tunas,  albacores,      deepest lines  plummets ,   others,               ;             sardines      attractiveness.  ,       ,  looped   -sapped    any                 -fathom coils          coils  ,    ,         fathoms  .
   watched            skiff  rowed     lines         .      any      .
   thinly            ,          ,     .     brighter         ,    ,         eyes        rowed    .  looked      watched  lines          .    straighter   ,                     wished     any    . others             fathoms   fishermen      .
,  ,     .      any .   knows? o  .      .      .      .    comes   .
             eyes       .                inshore.
         eyes,  .      .             blackness.        .        .
     --       circling      .     , slanting    - ,   circled .
“’ s ,” something    . “’ s  .”
 rowed         circling.         lines    .                       fished         .
        circled ,   .                       .
“,” dolphin    . “ .”dolphin
 shipped           .         -sized    baited   one   sardines.                   .   baited       coiled      .          -winged     , ,    .
  watched   dipped  slanting        swinging    ineffectually   followed   .          bulge       dolphin    followed  escaping .  dolphin                 ,   ,    .       dolphin,  .   widespread       .     .             .
 watched           ineffectual    .    gotten   ,  .         .                  .      .
 clouds       mountains                .       ,       .   looked        sifting   plankton            .  watched  lines                     plankton     .         ,      ,           clouds   .                     patches  , -bleached sargasso    , formalized, iridescent, gelatinous bladder   portuguese -- floating    .  turned      righted .  floated          filaments trailing       .
“ agua,” mala  . “ .”whore
   swung      looked               trailing filaments               drifted.   immune   .           filaments         slimy          ,    welts  sores                .   poisonings   agua mala       whiplash.
 iridescent bubbles  .     falsest               turtles   .  turtles  , approached    ,    eyes     carapaced    filaments  .        turtles                      stepped     horny soles   .
   turtles  hawk-bills   elegance               ,  loggerheads,    -plating,    -,      portuguese --   eyes .
   mysticism  turtles    gone      years.      ,       b       skiff  weighed  .    heartless  turtles    ’s             butchered.     ,              theirs.         .                  .
                 shack     fishermen   .      fishermen   .  fishermen   .                      colds  grippes       eyes.
    looked        circling .
“’ s ,”   .            scattering  .      , watched   tuna   ,  turned      .   tuna                        jumping  ,  churning    leaping   jumps  .    circling   .
  don’t        ,    ,   watched             dipping             .
“     ,”    .        taut  ,         ,             ’tuna s shivering         commenced   .   shivering increased   pulled                    sides   swung       .        ,    ,  ,  unintelligent eyes staring   thumped      planking       shivering strokes  , - .             kicked,     , shuddering     .
“,” albacore  . “’ ll   . ’ ll  .”
        started        .   sung             sung        steering      smacks     .    started   ,  ,     .     .      fished         .  talked       -   .   considered      unnecessarily         considered     .      thoughts           one    .
“   others           ,”   . “        ,    .      radios            .”
       ,  .         one .      .      one   ,  .      straggler   albacore    f.        .   shows           north-.       ?            ?
             tops            -capped   clouds  looked    mountains  .          prisms   .  myriad flecks   plankton  annulled             prisms             lines           .
 tuna,  fishermen        tuna         names            baits,   .                      trickle      rowed.
   ,  ,      bight        .    -        .
 ,   lines,   one   projecting    .
“,”  . “,”   shipped    bumping .   reached              forefinger   .             .    .       ,     ,       .  one  fathoms   marlin     sardines  covered     shank     - forged  projected      .tuna
      delicately,  ,    , unleashed    .         fingers     any tension.
  ,       ,  .  , .  .   .
                 .             .
     d pulling        sardine’s           .    .
“ ,”     . “   .   . ’aren t ?          . tuna     . ’don t , .  .”
           ,      lines           swum   .       d pulling  .
“’ ll ,”     . “     .”
     .   gone      .
“ ’ t ,” gone . “ christ knows ’ t . gone’ s  .  o     hooked    remembers something .
            .
“    ,”  . “’ ll .”
      pulling     something    unbelievably .              , , , unrolling        coils.    , slipping     ’s fingers,        ,            imperceptible.
“  ,”  . “              .”
      ,  .                    .                     tuna  crosswise   .               .    increased     .  tightened               increased     .
“’ s taken,”  . “ ’ ll    .”
       fingers   reached                coils        coils    .    .    -fathom coils     ,        .
“    ,”  . “  .”
              kills ,  .         harpoon  .  .   ?       ?
“!”          ,           ,  swinging    alternately             pivoted   .
 .    moved            .                hack     taut  beads    jumping  .        hissing          , bracing    thwart  leaning    .          north-west.
  moved         .   baits             .
“     ”     . “’ m  towed    ’ m  towing. bitt     .      .                .         .”
      decides   ,  don’t .  ’ll      dies  don’t .  ’ll  something.        .
        watched        skiff     north-west.
   ,    .  ’t   .              , towing  skiff,        braced solidly      .
“      hooked,”  . “     .”
              hooked        .             ,         , moved           reached     one .       .      .      -stepped            .
  looked         .    ,  .           havana.           o       .   doesn’t o        .       o         .    cramps    .          .        .           .      .                .
                       stars.            ’s             legs.       taken    covered           .                                 shoulders .   cushioned          leaning          .        ;        .
            ,  .      keeps  .
   stood   urinated      skiff  looked   stars  checked  .      phosphorescent streak        shoulders.            havana    ,             eastward.       havana        eastward,  .    ’s           .           leagues ,  .          .   ,    .      .     .
   , “     .       .”
 one       ,  .    unavoidable.       tuna   spoils     . ,       ,        . ,    .
     porpoises          rolling  blowing.        blowing       sighing    .
“  ,”  . “     jokes   one.      brothers   .”
           hooked.        knows    ,  .           one     .       .      jumping     .      hooked      knows         .         one   ,        .                    .          pulls           .      any           ?
      hooked one     marlin.             hooked ,  ,   , -stricken, despairing     ,          ,     circling     .                         scythe       .      gaffed   clubbed ,   rapier    sandpaper   dubbing           turned       backing  mirrors,  ,   ’s , hoisted   ,           . ,      clearing  lines    harpoon,                      ,  lavender ,    pectoral fins,       lavender  showing.   ,    ,    .
   saddest      ,    .        begged    butchered  .
“     ,”      settled     planks                   shoulders        .
  ,   treachery,          ,    .
               snares  traps  treacheries.            .      .    joined         .   one    one  .
       ,  .          .        tuna    .
     something  one   baits    .               gunwale   skiff.     loosened  sheath               leaned           gunwale.       closest          ends    coils .   skillfully   one        coils        knots .      coils  .         severed          taken     connected.
   ,  ,       -fathom            coils.       fathoms   catalan cardel   hooks  leaders.    replaced.   replaces          cuts  ?  don’t           .      marlin   broadbill   .    .         .
  , “     .”
  ’t   ,  .               ,        ,           coils.
   .              surge  pulled            .         .   coagulated     reached                .  adjusted                  shoulders ,   anchored   shoulders,                   skiff   .
      lurch ,  .      slipped       .           .       skiff ,      .                 ;      .
“,”   , , “’ ll      .”
’ll    ,  ,            .                   .         ,  .              .   moved                ’s  .
“’ s headed,” north   .          , eastward .        .       . t
         realized       t.    one favorable .            lesser .         .   .
“   ,”    . “       .”
o       tension           ,  .            ’ll   sacks   backbone           .
     tension,      taut        breaking        hooked       harshness   leaned             .       ,  .    widens               .                        .
                added  d    .            phosphorescence   .
“,”  , “       .          .”ends
   ,  .
      skiff   north.    warbler       .          .
          .       ’s           .
“   ?”      . “    ?”
  looked     .            teetered      d  gripped  .
“’ s,”     . “’ s .  ’shouldn t      windless.    birds ?”
 hawks,  ,        .                           hawks  .
“   ,  ,”  . “         any    .”
          stiffened        .
“      , ,”  . “                    .      .”
       lurch  pulled           pulled  overboard     braced     .
   flown     jerked          .           noticed    .
“ something  ,”      pulled           .        breaking      settled      .
“’ re  , ,”  . “ ,  , knows .”
 looked              .    gone.
    ,   .    rougher         .           one    ?      .             .               tuna          .
“           ,”   .
shifting           kneeling            , submerged,                        moved.
“   slowed,”  .
                       lurch      stood   braced         .           .          .                       started.
“,”  ,     , “     . tuna       gaff     .”
        tuna      gaff           coiled lines.        ,  bracing      ,    tuna   gaff     gaff   .   one       strips     longitudinally         .   - strips                 .      strips          ,      ,  lifted  carcass   bonito       overboard.
“ ’don t      ,” one        one  . strips                . cramped           looked   .
“      ,”  . “ cramp   .     .      .”
 ,    looked           .         .     ’s          .       .   bonito .
            chewed  .    .
  ,  ,     juices.                 .
“   , ?”     cramped        rigor. “mortis’ ll    .”
             .  chewed        .
“   , ?       ?”
       chewed .
“    - blooded,”  . “        . dolphin dolphin  .               .”
      anything   ,  .      .               ,            .      .           .
“ , ,”  . “    .”
      ,  .    .           .   conscientiously      - strips  .
  , wiping     . “,”  . “     , ,                .”                        .
“       cramp,”  . “            .”
  seems ,  ,    .     ,  .    ?    improvise        .        .   stays  .        .
 rubbed  cramped          fingers.     . o       ,  . o         tuna  digested.      ,    ,      costs.           .            .    abused             untie   lines.
 looked          .      prisms              undulation   .  clouds           looked         etching       ,  blurring,  etching            .
      feared          boar            .       h  ,     hurricanes,     h        .
     h             ,     .                 ,  .       ,      clouds.      h  .
 looked        cumulus    piles             cirrus     .
“ ,” brisa . “      , .”
      cramped,    unknotting  .
   cramp,  .    treachery  one’s  .   humiliating  others    diarrhoea  ptomaine poisoning   vomit  .   cramp,       calambre, humiliates    one  .
                 forearm,  .     .
,                        . ,   leaned     slapped          thigh     slanting   .
“’ s ,”  . “  .   .”
             bulged         .    unendingly      sides.                       sides      lavender.           tapered   rapier            re- , ,           scythe-         commenced   .
“       ,” skiff   .              . panicked                breaking.                         .
         c ,  .                   .              something . ,  ,          ;        .
       .      weighed                ,   .  ,      ,      biggest              ,            gripped claws   .
  uncramp ,  .    uncramp     .       brothers:      .   uncramp.        cramped.    slowed        .
    ,    .            .   ,      ,  .            .       cramped .               .      ,  ,           .
 settled comfortably                   moved     .                    ’s    uncramped.
“   , ,”     shifted     sacks  covered .shoulders
    ,         .
“   ,”  . “       fathers    marys     ,        pilgrimage   virgin  cobre   .    .”
 commenced     mechanically.                          .  marys        fathers,  .
“  mary       .             , womb. jesus , mary  ,     sinners       . .” amen  , “added , virgin      .    .”
   ,    ,     ,     ,  leaned        , mechanically,    fingers    .
           .
“   -re       ,”  . “    decides                   .  ’don t     anything   dolphin.         ’ t .            .         .                 .       . , christ       .”
“’ ll  ,”  . “    greatness  .”
   unjust,  .               endures.
“         ,”  .
“      .”
         .    proving  .                  .
  ’d          lions,  .    lions      ? don’t ,  ,    ,          .   .      .
             moved   .     added  d    easterly                           .
         started   .            .       ’s        .       turned   north.
       ,             pectoral fins          slicing   .      sees   ,    .       ,    ,     .          .     .      sees.
        fingers  uncramped                                 .
“ ’ re , ,”   , “    .”
                    .      leagues,      gran ligas,      yankees   york    tigres  detroit.
               juegos,  .              dimaggio                .     ?   .  espuela de hueso.     .               one’s ?                  eyes        cocks .        birds  .                .
“   sharks,”   . “  sharks,     .”
     dimaggio              one?  .                .      .         ?
“   ,”   . “     .”
     ,     ,     tavern  casablanca           negro  cienfuegos         docks.   gone one   one              forearms      gripped .  one      ’s     .    betting            kerosene     looked        negro    negro’s .    referees           referees  .       fingernails      negro’s    looked           forearms   bettors            chairs     watched.  walls  painted         lamps   shadows  .  negro’s      moved        moved  lamps.
              negro   lighted   .
  negro,   ,              ,          santiago  campeon,     .             .         negro,         , .       bettors           referee  shaking  ,   unleashed         negro         .    started          .    bettors                docks loading sacks      havana  .           .                   .
                     .                          negro  cienfuegos    .           .                           .           .                          .
   bake    ,  .    cramp            .       .
 airplane       miami   watched   scaring   schools   .
“        ,” dolphin ,   leaned             any  .           hardness -  shivering  preceded. breaking   moved     watched  airplane      .
       airplane,  .          ?                .           fathoms       .         -trees   -        .  dolphin  greener                       .       -          b      ?  dolphin            .    comes  ,  ,      sides    marlin.    ,          ?
    ,        sargasso   heaved  swung             something    ,     taken   dolphin.          ,           b  flapping    .        acrobatics              crouching           ,  pulled  dolphin     , stepping           .       , plunging        desperation,    leaned     lifted  burnished         .     convulsively   bites      pounded     skiff     ,        clubbed    shining     shivered    .
   unhooked  , re-baited      sardine  tossed  .          .           .   shifted                     watched             .
“ ’hasn t  ,”  .             noted    perceptibly.
“’ ll               ,”  . “’ s       .”
     gut  dolphin          ,  .                d     .                .            .          grasped      eased        allowed    pulled             ,  ,   .
’m     ,  .          .  ,   hasn’t eat              needs  .   eat   bonito.      dolphin.    dorado.           .         bonito. , ,   .
“   , ?”   . “                  .   , .”
                     gone   dullness   mistrusted.        ,  .          cramp  gone   .  legs   .            sustenance.
              .               .   stars  .        rigel                    .
“     ,”   . “         .     .             .”stars
           ,  .    .               ?    ,  .
                    relaxed     .      ,  .       ? ,   .    one               .
     ,  .                     stars.             brothers.
,  ,       d.    perils   merits.  may         ,         d           loses   lightness.  lightness prolongs                      .    passes   gut  dolphin             .
                             .              shows any .      ;    reached      .                           .       .    ,      something     ,  .  ,  ,         comes.
         .               judging  .        resting  .             shoulders   placed      gunwale     confided            skiff .
           ,  .   one  lurch    .                       .
“     ,  ,”   . “                 .    devise             .          unclear  .”
’m     ,  .  .       stars    brothers.     .              sleeps             .
   ,  .      devise        lines.       dolphin.            d    .
    sleeping,   .      .
 started             ,         .  may    ,  .        .      dies.
     turned              shoulders       sheath    .  stars        dolphin                    .   one        slit             .        gutted     , scooping    pulling  gills .
   maw         slit  .      .                 guts   gills   .       phosphorescence   .  dolphin     leprous -    starlight     skinned one            ’s .   turned    skinned               .
   carcass overboard  looked      any swirl   .          .  turned   placed        fillets    putting      sheath,         .               carried      .
        fillets            .    settled     shoulders             resting   gunwale.   leaned           , noting        .    phosphorescent  skinning     watched       .         rubbed        planking   skiff,   phosphorus floated   drifted  astern.
“    t   ,” resting   . “           dolphin       .”
  stars     colder        one   dolphin fillets  one    , gutted      .
“     dolphin   ,”  . “     .            .”limes
   brains    splashed        drying,     ,  .        dolphin   .        .    chewed        nauseated.
   clouding      one     stars    gone.  looked            clouds     .
“         ,”  . “      .      ,  ,       .”
             thigh       leaned         .           shoulders  braced     .
           braced,     relaxes             .        .                    .    cramping         , putting       ,    .
      lions        porpoises                mating                        .
  dreamed              norther                       .
                  lions             lions            bows     anchored    -             lions    .
                pulled      moved     clouds.
                  burning     .           braked          rushed .            leaned        burned      ,            .  looked    coils       f .         bursting        .                             breaking      breaking    .    pulled               dolphin     .
     ,  .      .      ,  .     .
     ’s jumps     breaking          .               known             calloused               fingers.
         coils  ,  . .     .     .
           slowing            .                     .              .   ceding       .             coils       .                friction        .
,  .            filled  sacks                     .    circling        .    started   ?         ,    frightened  something   ? o     .      ,     seemed  fearless   .   .
“    fearless  ,  ,”  . “’ re        .      .”
           shoulders      scooped           dolphin     .       nauseate     vomit    .                            watched        . ’s headed  ,  .          .      .     .
                   looked  .
“   ,”  . “       .”
              any     cuts  shifted                    skiff.
“        something,”        . “          .”
        ?  .          one .   knows       .         , ,     cramped  .   cramps       .
           -headed           dolphin.   ’t,   .      -headed       nausea.                     .         e    .            . ’re ,   .     .
  ,   ,             chewing             .
      any ,  .          .       ,  .          .
                    started  .
              circling.      .      slackening         commenced         .  tightened,  ,     reached      ,     .  slipped  shoulders               .         swinging       pulling           legs.   legs  shoulders pivoted   swinging   pulling.
“     ,”  . “   .” circling        any           jumping    .    started              grudgingly    .
“         ,”  .      ,  .     shorten   .        .      c      .
     circling                  .   circles           slanted           .
             eyes    salted  eyes  salted         .        .      tension    pulling   . , ,          worried .
“           ,”  . “       ,    . ’ ll     fathers    . marys      .
  ,  . ’ll   .       banging  jerking         .      -  .
  hitting       ,  .     .     .  may           circling .  jumps       .     one              .
“’don t, ,”  . “’don t.”
                       .
       ,  .    .    .        .
       b      started circling  .     gaining   .     .  lifted             .       rubbed     .
“   ,” cramps . “’ ll      .    . ’don t   .”
 kneeled    ,   , slipped      . ’ll                    comes ,  .
               one     recovering any .         turned     ,         started  pivoting   weaving pulling        .
’m tireder     ,  ,       .          .     .
“’ ll        ,”  . “   .       turns    .”
                             .
  , ,  . ’ll     .
    .     -           .
“’ ll   south ,” west . “            .”
           .
                       .
“,”  . “ ’ t  .”
                   yards          .       scythe      lavender     .  raked                        banded .  dorsal       pectorals   .
         ’s      sucking   swain  .      .    .        .              lashed     eels.
    sweating    something    .    placid       gaining         turns          harpoon .
     , , ,  .  mustn’t    .     .
“   ,  ,”  .
     ’s             .                           gaining        .
  rigged  harpoon                      bitt   .
                  .    pulled          closer.       turned     .         .
“  moved,”    . “  moved .”
                 .  moved ,  . o        . , ,  .  , legs.   , .   .   .   ’ll   .
        , starting          pulling    ,   pulled      righted    .
“,”    . “,        .            ?”
    ,  .                .       ,  .        turns.   ,   . ’re   .
   ,    .     righted     .
   , ,    .      .      ,   ,   calmer      , .     .      kills .
       ,  .      .            .   ,  .
“ , ,”         . “ .”
         turns.
   ,    .            .    .        .
             turned  .   righted           weaving   .
’ll   ,    ,     mushy         flashes.
         .   ,        started;       .
               gone        ’s               ,      planking   skiff  started    , , , ,   barred    interminable   .
             lifted  harpoon              ,       ,   ’s                   ’s .         leaned               .
    ,     ,        showing             .  seemed            skiff.                       skiff.
            .     harpoon           ,    ,             .     harpoon  projecting      ’s      discolouring         .       shoal           .      .    silvery     floated   waves.
   looked         .     turns   harpoon    bitt     hid     .
“   ,”        . “     .                  .”
     nooses       ,  .       swamped      bailed  ,  skiff    .    ,                 .
 started                   gills            .     ,  ,       .    ,  .          .      ,  .      harpoon    .            noose               skiff.
“  ,  ,”  .         . “              .”
 looked          .  looked    .       ,  .      .  lines    .      splice     .
“ , ,”  .      .
    wallowing    seas     pulled  skiff   .
         ’s          .   untied  harpoon    bitt,     ’s gills    ,              gill,         knotted          bitt   .        astern  noose  .    turned       ,             .   wider   ’s    fingers    ’s  looked   d   mirrors   periscope       .
“       ,”    .                       . ’ s       ,  .  o  .    dresses - thirds     cents ?
“      ,”  . “     .       dimaggio     .     . spurs       .”       ,  .  o       .
             thwart.        lashing    skiff .          ’s                 cleanly  .   stepped   ,       gaff    boom rigged,  patched  ,     ,   lying     sailed south-west.
           southwest .   needed            .                 something       .          sardines  .   hooked         gaff           shrimps        planking   skiff.             kicked   fleas.    pinched         forefinger    chewing      tails.              .
                  one    eat  shrimps.  skiff  sailing    handicaps   steered   tiller   .                                 .  one          ,        .                     ,        strangeness      .
     ,        .               .    ,  .  bled         .            healer   .         .          .               brothers.    started     unclear   ,   bringing      bringing  ?    towing       .         skiff,    gone,      .    sailing  lashed        ,        pleases .        trickery      .
 sailed      soaked             .    cumulus clouds   cirrus               .    looked          .          .
      .                  settled  dispersed     .                        .              started      skiff     taken.
    .       ,       ,          .               fastest             .         ’s            .                     ,        dorsal  knifing     wavering.             rows    slanted inwards.      -    sharks.      ’s fingers    crisped  claws.        fingers        -  edges   sides.           fishes   ,               .   speeded    smelled  fresher     dorsal    .
                          wished.    harpoon        watched    .       lacked         .
  ’s                 .      ,  .   one        watched    .        ,  .       hitting   o     . dentuso,  .     .
    astern                 eyes   clicking chop               .  ’s                        ripping       rammed  harpoon    ’s          eyes intersected          .     lines.            eyes   clicking, thrusting -swallowing .              .       mushed     harpoon    .           malignancy.
  swung               swung    , wrapping    loops   .               . ,   ,    lashing    clicking,   plowed      speedboat .           -quarters             taut, shivered,   .                watched .      .
“    ,”     .     harpoon    ,  ,      bleeds     .others
         anymore        mutilated.              .
        ,  .     biggest dentuso     .   knows      ones.
     ,  .              hooked          .
“      ,”  . “       .”         ,  .              . harpoon  dentuso       .        .  ,  .      .
“’don t,  ,”   . “         .comes
   ,  .        .   .      dimaggio           ?     ,  . any    .           handicap    spurs?    .    anything         sting  stung    stepped      paralyzed       unbearable .
“   something,  ,”  . “      closer .         .”
            reached      .        .
“  ,”   . “        butt  one  .”
      tiller            .
“,”  . “      .     .”unarmed
        sailed  .  watched             returned.
     ,  .       .     ,  .       .       .
               .         .                 .      .     .                 .     .                . san pedro           dimaggio.
                             ,          .               ,  .            .            .    ,        .    ?
“   ,  ,”   .
      dentuso,  .  lives       .     scavenger         sharks .       knows    anything.
“    -,”     . “    .”
,  ,  kills     .   kills     keeps  .   keeps  ,  .       .
 leaned     pulled               .  chewed   noted      .     ,  ,     .    stringiness           highest    .                         .
    .         north-           .    looked         sails       hull      any .             sailing        patches   .       .
  sailed   , resting      chewing        marlin,       ,         sharks.
“,”   .                    , , involuntarily          .
“,” galanos  .                identified  - nosed sharks  ,  triangular    sweeping   .            stupidity             .       .
        jammed  tiller.          lashed  .  lifted           rebelled   .            .                 watched  sharks .     , flattened, -      tipped  pectoral fins.    sharks,  smelling, scavengers    killers,                 .    sharks     turtles’ legs  flippers    turtles     ,         ,    ,                 .
“,”    . “. galanos  .”galanos
 .        mako  . one turned        skiff        skiff    jerked  pulled   .   watched      slitted  eyes                      bitten.                 joined  spinal               juncture,  ,         ’s  - eyes.          , swallowing    taken   .
 skiff    shaking                       skiff   broadside       .       leaned     punched  .                  .           .                 squarely      -topped             .        punched         .           hooked     stabbed     .      .
“?”              vertebrae  .            cartilage. sever    reversed        ’ s   .    t         , “ , . galano    .    ,   o ’ s .”
             .         filled     skiff   .
“    taken        ,”   . “            hooked. ’ m  , .    .”             .  drained    awash  looked      backing        .
“ ’shouldn t  gone  , ,”  . “       . ’ m, .”
,    .    lashing          .               .
“        ,”         checked  lashing   . “butt     .”      ,  .      ,  .            .          .
“     ,”   . “’ m  .”
   tiller     soaked         skiff   .
“  knows     one,”  .
“ ’ s  .”          mutilated-   .        jerking bumps                   sharks        .
         ,   don’t   .                 .                .     bleed .       anything.   may     cramping.
     ?  . .           ones.          ,  .   knows?    turned  .
        shovelnose.        trough                .                  don   .    jerked    rolled     .
   settled   .             , showing  -,  ,  .      .        .
“    gaff,”  . “     .         tiller   .”
    ,  .       sharks  .                   tiller.
         soak .                   .           ,         .
“’ re,  ,”  . “’ re .”
 sharks         .
      fins            .     quartering   .   headed    skiff    .
 jammed  tiller,      reached      .           sawed          .      effectively  one                     , flexing    ,   watched  sharks .    galanos.
     one                     ,  .
  sharks        one               ,            slamming      ’s  .    rubbery solidity     .     rigidity                          .
                .      pieces       spilling          bumped      .  swung           looked    wrenched   .    swung         slipped          rubberiness.
“ , ,” galano   . “  .”
                .    solidly           .                              sluggishly      .
   watched          .    one      circles.         .
      ,  .      .           one    .                 one .  ,  .
        .         .    gone           sharks.
“    ,”  . “        … havana        eastward       one   .”beaches
       ,  .    one    worried.       ,  .        .    older fishermen  .  others ,  .      .
       anymore       ruined  .  something    .
“ ,”  . “   .         .   ruined .      , sharks  ,   ruined . others     ,  ?           .”
                   .    chopped       ,  .           .
   ,    lashed     butt,   .       .           ?    ?
“ ,”  . “’ ll    .”
         showing                      .          palms.                  .  leaned           .  shoulders  .
           ,  .         .           shoulders.
      steered  watched         .     ,  . o  ’ll         .     . ,  .  violated        .
“’don t ,”   . “    .   may   .”
“’ d     ’ s any   ,”  .
     ?   .        harpoon        ?
“ ,”  . “      -   .       .”
    ,  .      comes        ?       any      .           ,  .     .         .      comfortably            .
                  o’  .    perceptible             rises.                  .  steered          , ,        .
   ,  .      .              ?
        wounds     strained           .         ,  .           .
             .            lines      fins    phosphorescence       .  clubbed       chop   shaking   skiff     .  clubbed             something       gone.
 jerked  tiller        chopped  ,            .            one     ,    pieces           turned     .
one ,   ,           .  swung  tiller   ’s         heaviness   ’s     .  swung       .    tiller    lunged      splintered butt.                .      rolled .          .        .
               .   coppery           .       .
      , “ , galanos.     ’ve   .”
                      jagged    tiller     slot         .  settled     shoulders    skiff   .  sailed       thoughts   any   any .        sailed  skiff          intelligently   .    sharks   carcass  someone    crumbs   .             any   anything  steering.   noticed       skiff sailed        .
’s ,  .      harmed  any     tiller.    replaced.
                  colonies   .             .
    ,      ,  .   added, .          .  ,  .    .  ,  .      .       ,  .       .    ,  .
“,”   . “    .”
  sailed                  .         blowing  .          sailed       shingle   rocks.    one      pulled        .   stepped        .
 unstepped    furled     .   shouldered    started  .          tiredness.       looked                      skiff’s .         backbone          projecting     nakedness .
 started                    .     .                 looked   .                watched .    watched  .
         stood .             started   .          reached  shack.
  shack  leaned     .            .       .  pulled     shoulders       legs                palms    .
      looked      .   blowing      drifting-                  ’s shack      .                ’s    started  .                     .
 fishermen    skiff     lashed    one    ,   rolled ,        .
     .       one   fishermen     skiff  .
“  ?”  one   fishermen.shouted
“,” sleeping  .         . “   one .”
“       ,”       .
“  ,”   .
           .
“         .”
“ anything?”
“.        .”
“    ,”   proprietor. “      .         .”
“ damn ,”       started  .
“       any?”   proprietor.
“,”   . “     . santiago’ ll .”
“     .”
“,”   .
  carried          ’s shack       .    looked     waking.    gone         gone             .
      .
“’don t ,”   . “ .”
        .
       .
“  , ,” manolin . “   .”
“ ’didn t .   .”
“. .   .”
“ pedrico     skiff  .        ?”
“  pedrico chop      .”traps
“  ?”
“      .”
“  ,”   . “         .”
“    ?”
“ .      .”
“        skiff      ,”    .   noticed       someone            . “  missed,”  . “   ?”
“ one  .  one     .”
“ .”
“    .”
“.    .     .”anymore
“   ,”   . “’ ll    .”
“    ?”
“   .    .              .”
“       lance     .               .      . guanabacoa       tempered   .   .”
“’ ll        .”
     brisa  ?”
“ o .  o .”
“     ,”   . “      .”
“      .       something    something    .”
“   ,”   . “ ,  ,        .   something .”
“  any   papers      ,” gone   .
“                  .     ?”
“,”    .
“’ ll     ,” papers  . “ ,  .         d  .”
“’don t    pedrico   .”
“.   .”
                 .
         tourists              cans   barracudas                  lifted  swung                    .
“’ s?”           backbone               .  
“,” tiburon  . “.”        .
“ ’didn t  sharks  ,   .”tails
“ ’didn t,”    .
  ,   shack,     sleeping .     sleeping            .     dreaming   lions.





              http://www.e-.
